23:27:15 DEBUG : Logs will be stored at 'C:/Users/Chajunwon/FPGA_Ex/Project_0_Watch/Project_0_Watch_vitis/IDE.log'.
23:27:23 INFO  : Launching XSCT server: xsct.bat -n  -interactive C:\Users\Chajunwon\FPGA_Ex\Project_0_Watch\Project_0_Watch_vitis\temp_xsdb_launch_script.tcl
23:27:23 INFO  : Platform repository initialization has completed.
23:27:24 INFO  : Registering command handlers for Vitis TCF services
23:27:31 INFO  : XSCT server has started successfully.
23:27:31 INFO  : Successfully done setting XSCT server connection channel  
23:27:31 INFO  : plnx-install-location is set to ''
23:27:39 INFO  : Successfully done setting workspace for the tool. 
23:27:42 INFO  : Successfully done query RDI_DATADIR 
23:28:16 INFO  : Result from executing command 'getProjects': design_1_wrapper
23:28:16 INFO  : Result from executing command 'getPlatforms': 
23:28:16 WARN  : An unexpected exception occurred in the module 'platform project logging'
23:28:17 INFO  : Platform 'design_1_wrapper' is added to custom repositories.
23:28:32 INFO  : Platform 'design_1_wrapper' is added to custom repositories.
23:31:10 INFO  : Result from executing command 'getProjects': design_1_wrapper
23:31:10 INFO  : Result from executing command 'getPlatforms': design_1_wrapper|C:/Users/Chajunwon/FPGA_Ex/Project_0_Watch/Project_0_Watch_vitis/design_1_wrapper/export/design_1_wrapper/design_1_wrapper.xpfm
23:31:11 INFO  : Checking for BSP changes to sync application flags for project 'Project_0_Watch_app'...
23:32:05 INFO  : Connected to target on host '127.0.0.1' and port '3121'.
23:32:06 INFO  : Jtag cable 'Digilent Arty Z7 003017B7ED7BA' is selected.
23:32:06 INFO  : 'jtag frequency' command is executed.
23:32:06 INFO  : Context for 'APU' is selected.
23:32:06 INFO  : System reset is completed.
23:32:09 INFO  : 'after 3000' command is executed.
23:32:09 INFO  : 'targets -set -filter {jtag_cable_name =~ "Digilent Arty Z7 003017B7ED7BA" && level==0 && jtag_device_ctx=="jsn-Arty Z7-003017B7ED7BA-13722093-0"}' command is executed.
23:32:11 INFO  : Device configured successfully with "C:/Users/Chajunwon/FPGA_Ex/Project_0_Watch/Project_0_Watch_vitis/Project_0_Watch_app/_ide/bitstream/design_1_wrapper.bit"
23:32:11 INFO  : Context for 'APU' is selected.
23:32:11 INFO  : Hardware design and registers information is loaded from 'C:/Users/Chajunwon/FPGA_Ex/Project_0_Watch/Project_0_Watch_vitis/design_1_wrapper/export/design_1_wrapper/hw/design_1_wrapper.xsa'.
23:32:11 INFO  : 'configparams force-mem-access 1' command is executed.
23:32:11 INFO  : Context for 'APU' is selected.
23:32:11 INFO  : Sourcing of 'C:/Users/Chajunwon/FPGA_Ex/Project_0_Watch/Project_0_Watch_vitis/Project_0_Watch_app/_ide/psinit/ps7_init.tcl' is done.
23:32:12 INFO  : 'ps7_init' command is executed.
23:32:12 INFO  : 'ps7_post_config' command is executed.
23:32:12 INFO  : Context for processor 'ps7_cortexa9_0' is selected.
23:32:12 INFO  : The application 'C:/Users/Chajunwon/FPGA_Ex/Project_0_Watch/Project_0_Watch_vitis/Project_0_Watch_app/Debug/Project_0_Watch_app.elf' is downloaded to processor 'ps7_cortexa9_0'.
23:32:12 INFO  : 'configparams force-mem-access 0' command is executed.
23:32:12 INFO  : ----------------XSDB Script----------------
connect -url tcp:127.0.0.1:3121
targets -set -nocase -filter {name =~"APU*"}
rst -system
after 3000
targets -set -filter {jtag_cable_name =~ "Digilent Arty Z7 003017B7ED7BA" && level==0 && jtag_device_ctx=="jsn-Arty Z7-003017B7ED7BA-13722093-0"}
fpga -file C:/Users/Chajunwon/FPGA_Ex/Project_0_Watch/Project_0_Watch_vitis/Project_0_Watch_app/_ide/bitstream/design_1_wrapper.bit
targets -set -nocase -filter {name =~"APU*"}
loadhw -hw C:/Users/Chajunwon/FPGA_Ex/Project_0_Watch/Project_0_Watch_vitis/design_1_wrapper/export/design_1_wrapper/hw/design_1_wrapper.xsa -mem-ranges [list {0x40000000 0xbfffffff}] -regs
configparams force-mem-access 1
targets -set -nocase -filter {name =~"APU*"}
source C:/Users/Chajunwon/FPGA_Ex/Project_0_Watch/Project_0_Watch_vitis/Project_0_Watch_app/_ide/psinit/ps7_init.tcl
ps7_init
ps7_post_config
targets -set -nocase -filter {name =~ "*A9*#0"}
dow C:/Users/Chajunwon/FPGA_Ex/Project_0_Watch/Project_0_Watch_vitis/Project_0_Watch_app/Debug/Project_0_Watch_app.elf
configparams force-mem-access 0
----------------End of Script----------------

23:32:13 INFO  : Context for processor 'ps7_cortexa9_0' is selected.
23:32:13 INFO  : 'con' command is executed.
23:32:13 INFO  : ----------------XSDB Script (After Launch)----------------
targets -set -nocase -filter {name =~ "*A9*#0"}
con
----------------End of Script----------------

23:32:13 INFO  : Launch script is exported to file 'C:\Users\Chajunwon\FPGA_Ex\Project_0_Watch\Project_0_Watch_vitis\Project_0_Watch_app_system\_ide\scripts\debugger_project_0_watch_app-default.tcl'
23:33:16 INFO  : Disconnected from the channel tcfchan#2.
23:33:17 INFO  : Connected to target on host '127.0.0.1' and port '3121'.
23:33:18 INFO  : Jtag cable 'Digilent Arty Z7 003017B7ED7BA' is selected.
23:33:18 INFO  : 'jtag frequency' command is executed.
23:33:18 INFO  : Context for 'APU' is selected.
23:33:18 INFO  : System reset is completed.
23:33:21 INFO  : 'after 3000' command is executed.
23:33:21 INFO  : 'targets -set -filter {jtag_cable_name =~ "Digilent Arty Z7 003017B7ED7BA" && level==0 && jtag_device_ctx=="jsn-Arty Z7-003017B7ED7BA-13722093-0"}' command is executed.
23:33:22 INFO  : Device configured successfully with "C:/Users/Chajunwon/FPGA_Ex/Project_0_Watch/Project_0_Watch_vitis/Project_0_Watch_app/_ide/bitstream/design_1_wrapper.bit"
23:33:22 INFO  : Context for 'APU' is selected.
23:33:22 INFO  : Hardware design and registers information is loaded from 'C:/Users/Chajunwon/FPGA_Ex/Project_0_Watch/Project_0_Watch_vitis/design_1_wrapper/export/design_1_wrapper/hw/design_1_wrapper.xsa'.
23:33:22 INFO  : 'configparams force-mem-access 1' command is executed.
23:33:22 INFO  : Context for 'APU' is selected.
23:33:22 INFO  : Sourcing of 'C:/Users/Chajunwon/FPGA_Ex/Project_0_Watch/Project_0_Watch_vitis/Project_0_Watch_app/_ide/psinit/ps7_init.tcl' is done.
23:33:23 INFO  : 'ps7_init' command is executed.
23:33:23 INFO  : 'ps7_post_config' command is executed.
23:33:23 INFO  : Context for processor 'ps7_cortexa9_0' is selected.
23:33:24 INFO  : The application 'C:/Users/Chajunwon/FPGA_Ex/Project_0_Watch/Project_0_Watch_vitis/Project_0_Watch_app/Debug/Project_0_Watch_app.elf' is downloaded to processor 'ps7_cortexa9_0'.
23:33:24 INFO  : 'configparams force-mem-access 0' command is executed.
23:33:24 INFO  : ----------------XSDB Script----------------
connect -url tcp:127.0.0.1:3121
targets -set -nocase -filter {name =~"APU*"}
rst -system
after 3000
targets -set -filter {jtag_cable_name =~ "Digilent Arty Z7 003017B7ED7BA" && level==0 && jtag_device_ctx=="jsn-Arty Z7-003017B7ED7BA-13722093-0"}
fpga -file C:/Users/Chajunwon/FPGA_Ex/Project_0_Watch/Project_0_Watch_vitis/Project_0_Watch_app/_ide/bitstream/design_1_wrapper.bit
targets -set -nocase -filter {name =~"APU*"}
loadhw -hw C:/Users/Chajunwon/FPGA_Ex/Project_0_Watch/Project_0_Watch_vitis/design_1_wrapper/export/design_1_wrapper/hw/design_1_wrapper.xsa -mem-ranges [list {0x40000000 0xbfffffff}] -regs
configparams force-mem-access 1
targets -set -nocase -filter {name =~"APU*"}
source C:/Users/Chajunwon/FPGA_Ex/Project_0_Watch/Project_0_Watch_vitis/Project_0_Watch_app/_ide/psinit/ps7_init.tcl
ps7_init
ps7_post_config
targets -set -nocase -filter {name =~ "*A9*#0"}
dow C:/Users/Chajunwon/FPGA_Ex/Project_0_Watch/Project_0_Watch_vitis/Project_0_Watch_app/Debug/Project_0_Watch_app.elf
configparams force-mem-access 0
----------------End of Script----------------

23:33:24 INFO  : Context for processor 'ps7_cortexa9_0' is selected.
23:33:24 INFO  : 'con' command is executed.
23:33:24 INFO  : ----------------XSDB Script (After Launch)----------------
targets -set -nocase -filter {name =~ "*A9*#0"}
con
----------------End of Script----------------

23:33:24 INFO  : Launch script is exported to file 'C:\Users\Chajunwon\FPGA_Ex\Project_0_Watch\Project_0_Watch_vitis\Project_0_Watch_app_system\_ide\scripts\debugger_project_0_watch_app-default.tcl'
23:35:06 INFO  : Disconnected from the channel tcfchan#3.
23:35:07 INFO  : Connected to target on host '127.0.0.1' and port '3121'.
23:35:16 INFO  : ----------------XSDB Script----------------
connect -url tcp:127.0.0.1:3121
----------------End of Script----------------

23:35:16 ERROR : Could not find ARM device on the board for connection 'Local'.
Check if the target is in:
1. Split JTAG - No operations are possible with ARM DAP.
2. Non JTAG bootmode - Bootrom may need time to enable DAP.
Please try again.


Troubleshooting hints:
1. Check whether board is connected to system properly.
2. In case of zynq board, check whether Digilent/Xilinx cable switch settings are correct.
3. If you are using Xilinx Platform Cable USB, ensure that status LED is green.
23:35:21 INFO  : Connected to target on host '127.0.0.1' and port '3121'.
23:35:21 INFO  : Jtag cable 'Digilent Arty Z7 003017B7ED7BA' is selected.
23:35:21 INFO  : 'jtag frequency' command is executed.
23:35:21 INFO  : Context for 'APU' is selected.
23:35:21 INFO  : System reset is completed.
23:35:24 INFO  : 'after 3000' command is executed.
23:35:25 INFO  : 'targets -set -filter {jtag_cable_name =~ "Digilent Arty Z7 003017B7ED7BA" && level==0 && jtag_device_ctx=="jsn-Arty Z7-003017B7ED7BA-13722093-0"}' command is executed.
23:35:26 INFO  : Device configured successfully with "C:/Users/Chajunwon/FPGA_Ex/Project_0_Watch/Project_0_Watch_vitis/Project_0_Watch_app/_ide/bitstream/design_1_wrapper.bit"
23:35:26 INFO  : Context for 'APU' is selected.
23:35:26 INFO  : Hardware design and registers information is loaded from 'C:/Users/Chajunwon/FPGA_Ex/Project_0_Watch/Project_0_Watch_vitis/design_1_wrapper/export/design_1_wrapper/hw/design_1_wrapper.xsa'.
23:35:26 INFO  : 'configparams force-mem-access 1' command is executed.
23:35:26 INFO  : Context for 'APU' is selected.
23:35:26 INFO  : Sourcing of 'C:/Users/Chajunwon/FPGA_Ex/Project_0_Watch/Project_0_Watch_vitis/Project_0_Watch_app/_ide/psinit/ps7_init.tcl' is done.
23:35:27 INFO  : 'ps7_init' command is executed.
23:35:27 INFO  : 'ps7_post_config' command is executed.
23:35:27 INFO  : Context for processor 'ps7_cortexa9_0' is selected.
23:35:27 INFO  : The application 'C:/Users/Chajunwon/FPGA_Ex/Project_0_Watch/Project_0_Watch_vitis/Project_0_Watch_app/Debug/Project_0_Watch_app.elf' is downloaded to processor 'ps7_cortexa9_0'.
23:35:27 INFO  : 'configparams force-mem-access 0' command is executed.
23:35:27 INFO  : ----------------XSDB Script----------------
connect -url tcp:127.0.0.1:3121
targets -set -nocase -filter {name =~"APU*"}
rst -system
after 3000
targets -set -filter {jtag_cable_name =~ "Digilent Arty Z7 003017B7ED7BA" && level==0 && jtag_device_ctx=="jsn-Arty Z7-003017B7ED7BA-13722093-0"}
fpga -file C:/Users/Chajunwon/FPGA_Ex/Project_0_Watch/Project_0_Watch_vitis/Project_0_Watch_app/_ide/bitstream/design_1_wrapper.bit
targets -set -nocase -filter {name =~"APU*"}
loadhw -hw C:/Users/Chajunwon/FPGA_Ex/Project_0_Watch/Project_0_Watch_vitis/design_1_wrapper/export/design_1_wrapper/hw/design_1_wrapper.xsa -mem-ranges [list {0x40000000 0xbfffffff}] -regs
configparams force-mem-access 1
targets -set -nocase -filter {name =~"APU*"}
source C:/Users/Chajunwon/FPGA_Ex/Project_0_Watch/Project_0_Watch_vitis/Project_0_Watch_app/_ide/psinit/ps7_init.tcl
ps7_init
ps7_post_config
targets -set -nocase -filter {name =~ "*A9*#0"}
dow C:/Users/Chajunwon/FPGA_Ex/Project_0_Watch/Project_0_Watch_vitis/Project_0_Watch_app/Debug/Project_0_Watch_app.elf
configparams force-mem-access 0
----------------End of Script----------------

23:35:27 INFO  : Context for processor 'ps7_cortexa9_0' is selected.
23:35:27 INFO  : 'con' command is executed.
23:35:27 INFO  : ----------------XSDB Script (After Launch)----------------
targets -set -nocase -filter {name =~ "*A9*#0"}
con
----------------End of Script----------------

23:35:27 INFO  : Launch script is exported to file 'C:\Users\Chajunwon\FPGA_Ex\Project_0_Watch\Project_0_Watch_vitis\Project_0_Watch_app_system\_ide\scripts\debugger_project_0_watch_app-default.tcl'
23:36:11 INFO  : Disconnected from the channel tcfchan#4.
23:36:12 INFO  : Connected to target on host '127.0.0.1' and port '3121'.
23:36:21 INFO  : ----------------XSDB Script----------------
connect -url tcp:127.0.0.1:3121
----------------End of Script----------------

23:36:21 ERROR : Could not find ARM device on the board for connection 'Local'.
Check if the target is in:
1. Split JTAG - No operations are possible with ARM DAP.
2. Non JTAG bootmode - Bootrom may need time to enable DAP.
Please try again.


Troubleshooting hints:
1. Check whether board is connected to system properly.
2. In case of zynq board, check whether Digilent/Xilinx cable switch settings are correct.
3. If you are using Xilinx Platform Cable USB, ensure that status LED is green.
23:36:24 INFO  : Connected to target on host '127.0.0.1' and port '3121'.
23:36:25 INFO  : Jtag cable 'Digilent Arty Z7 003017B7ED7BA' is selected.
23:36:25 INFO  : 'jtag frequency' command is executed.
23:36:25 INFO  : Context for 'APU' is selected.
23:36:25 INFO  : System reset is completed.
23:36:28 INFO  : 'after 3000' command is executed.
23:36:28 INFO  : 'targets -set -filter {jtag_cable_name =~ "Digilent Arty Z7 003017B7ED7BA" && level==0 && jtag_device_ctx=="jsn-Arty Z7-003017B7ED7BA-13722093-0"}' command is executed.
23:36:29 INFO  : Device configured successfully with "C:/Users/Chajunwon/FPGA_Ex/Project_0_Watch/Project_0_Watch_vitis/Project_0_Watch_app/_ide/bitstream/design_1_wrapper.bit"
23:36:29 INFO  : Context for 'APU' is selected.
23:36:30 INFO  : Hardware design and registers information is loaded from 'C:/Users/Chajunwon/FPGA_Ex/Project_0_Watch/Project_0_Watch_vitis/design_1_wrapper/export/design_1_wrapper/hw/design_1_wrapper.xsa'.
23:36:30 INFO  : 'configparams force-mem-access 1' command is executed.
23:36:30 INFO  : Context for 'APU' is selected.
23:36:30 INFO  : Sourcing of 'C:/Users/Chajunwon/FPGA_Ex/Project_0_Watch/Project_0_Watch_vitis/Project_0_Watch_app/_ide/psinit/ps7_init.tcl' is done.
23:36:30 INFO  : 'ps7_init' command is executed.
23:36:30 INFO  : 'ps7_post_config' command is executed.
23:36:30 INFO  : Context for processor 'ps7_cortexa9_0' is selected.
23:36:31 INFO  : The application 'C:/Users/Chajunwon/FPGA_Ex/Project_0_Watch/Project_0_Watch_vitis/Project_0_Watch_app/Debug/Project_0_Watch_app.elf' is downloaded to processor 'ps7_cortexa9_0'.
23:36:31 INFO  : 'configparams force-mem-access 0' command is executed.
23:36:31 INFO  : ----------------XSDB Script----------------
connect -url tcp:127.0.0.1:3121
targets -set -nocase -filter {name =~"APU*"}
rst -system
after 3000
targets -set -filter {jtag_cable_name =~ "Digilent Arty Z7 003017B7ED7BA" && level==0 && jtag_device_ctx=="jsn-Arty Z7-003017B7ED7BA-13722093-0"}
fpga -file C:/Users/Chajunwon/FPGA_Ex/Project_0_Watch/Project_0_Watch_vitis/Project_0_Watch_app/_ide/bitstream/design_1_wrapper.bit
targets -set -nocase -filter {name =~"APU*"}
loadhw -hw C:/Users/Chajunwon/FPGA_Ex/Project_0_Watch/Project_0_Watch_vitis/design_1_wrapper/export/design_1_wrapper/hw/design_1_wrapper.xsa -mem-ranges [list {0x40000000 0xbfffffff}] -regs
configparams force-mem-access 1
targets -set -nocase -filter {name =~"APU*"}
source C:/Users/Chajunwon/FPGA_Ex/Project_0_Watch/Project_0_Watch_vitis/Project_0_Watch_app/_ide/psinit/ps7_init.tcl
ps7_init
ps7_post_config
targets -set -nocase -filter {name =~ "*A9*#0"}
dow C:/Users/Chajunwon/FPGA_Ex/Project_0_Watch/Project_0_Watch_vitis/Project_0_Watch_app/Debug/Project_0_Watch_app.elf
configparams force-mem-access 0
----------------End of Script----------------

23:36:31 INFO  : Context for processor 'ps7_cortexa9_0' is selected.
23:36:31 INFO  : 'con' command is executed.
23:36:31 INFO  : ----------------XSDB Script (After Launch)----------------
targets -set -nocase -filter {name =~ "*A9*#0"}
con
----------------End of Script----------------

23:36:31 INFO  : Launch script is exported to file 'C:\Users\Chajunwon\FPGA_Ex\Project_0_Watch\Project_0_Watch_vitis\Project_0_Watch_app_system\_ide\scripts\debugger_project_0_watch_app-default.tcl'
23:38:57 INFO  : Checking for BSP changes to sync application flags for project 'Project_0_Watch_app'...
23:39:26 INFO  : Disconnected from the channel tcfchan#5.
23:39:27 INFO  : Connected to target on host '127.0.0.1' and port '3121'.
23:39:37 INFO  : ----------------XSDB Script----------------
connect -url tcp:127.0.0.1:3121
----------------End of Script----------------

23:39:37 ERROR : Could not find ARM device on the board for connection 'Local'.
Check if the target is in:
1. Split JTAG - No operations are possible with ARM DAP.
2. Non JTAG bootmode - Bootrom may need time to enable DAP.
Please try again.


Troubleshooting hints:
1. Check whether board is connected to system properly.
2. In case of zynq board, check whether Digilent/Xilinx cable switch settings are correct.
3. If you are using Xilinx Platform Cable USB, ensure that status LED is green.
23:39:41 INFO  : Connected to target on host '127.0.0.1' and port '3121'.
23:39:42 INFO  : Jtag cable 'Digilent Arty Z7 003017B7ED7BA' is selected.
23:39:42 INFO  : 'jtag frequency' command is executed.
23:39:42 INFO  : Context for 'APU' is selected.
23:39:42 INFO  : System reset is completed.
23:39:45 INFO  : 'after 3000' command is executed.
23:39:45 INFO  : 'targets -set -filter {jtag_cable_name =~ "Digilent Arty Z7 003017B7ED7BA" && level==0 && jtag_device_ctx=="jsn-Arty Z7-003017B7ED7BA-13722093-0"}' command is executed.
23:39:46 INFO  : Device configured successfully with "C:/Users/Chajunwon/FPGA_Ex/Project_0_Watch/Project_0_Watch_vitis/Project_0_Watch_app/_ide/bitstream/design_1_wrapper.bit"
23:39:46 INFO  : Context for 'APU' is selected.
23:39:46 INFO  : Hardware design and registers information is loaded from 'C:/Users/Chajunwon/FPGA_Ex/Project_0_Watch/Project_0_Watch_vitis/design_1_wrapper/export/design_1_wrapper/hw/design_1_wrapper.xsa'.
23:39:46 INFO  : 'configparams force-mem-access 1' command is executed.
23:39:46 INFO  : Context for 'APU' is selected.
23:39:46 INFO  : Sourcing of 'C:/Users/Chajunwon/FPGA_Ex/Project_0_Watch/Project_0_Watch_vitis/Project_0_Watch_app/_ide/psinit/ps7_init.tcl' is done.
23:39:47 INFO  : 'ps7_init' command is executed.
23:39:47 INFO  : 'ps7_post_config' command is executed.
23:39:47 INFO  : Context for processor 'ps7_cortexa9_0' is selected.
23:39:48 INFO  : The application 'C:/Users/Chajunwon/FPGA_Ex/Project_0_Watch/Project_0_Watch_vitis/Project_0_Watch_app/Debug/Project_0_Watch_app.elf' is downloaded to processor 'ps7_cortexa9_0'.
23:39:48 INFO  : 'configparams force-mem-access 0' command is executed.
23:39:48 INFO  : ----------------XSDB Script----------------
connect -url tcp:127.0.0.1:3121
targets -set -nocase -filter {name =~"APU*"}
rst -system
after 3000
targets -set -filter {jtag_cable_name =~ "Digilent Arty Z7 003017B7ED7BA" && level==0 && jtag_device_ctx=="jsn-Arty Z7-003017B7ED7BA-13722093-0"}
fpga -file C:/Users/Chajunwon/FPGA_Ex/Project_0_Watch/Project_0_Watch_vitis/Project_0_Watch_app/_ide/bitstream/design_1_wrapper.bit
targets -set -nocase -filter {name =~"APU*"}
loadhw -hw C:/Users/Chajunwon/FPGA_Ex/Project_0_Watch/Project_0_Watch_vitis/design_1_wrapper/export/design_1_wrapper/hw/design_1_wrapper.xsa -mem-ranges [list {0x40000000 0xbfffffff}] -regs
configparams force-mem-access 1
targets -set -nocase -filter {name =~"APU*"}
source C:/Users/Chajunwon/FPGA_Ex/Project_0_Watch/Project_0_Watch_vitis/Project_0_Watch_app/_ide/psinit/ps7_init.tcl
ps7_init
ps7_post_config
targets -set -nocase -filter {name =~ "*A9*#0"}
dow C:/Users/Chajunwon/FPGA_Ex/Project_0_Watch/Project_0_Watch_vitis/Project_0_Watch_app/Debug/Project_0_Watch_app.elf
configparams force-mem-access 0
----------------End of Script----------------

23:39:48 INFO  : Context for processor 'ps7_cortexa9_0' is selected.
23:39:48 INFO  : 'con' command is executed.
23:39:48 INFO  : ----------------XSDB Script (After Launch)----------------
targets -set -nocase -filter {name =~ "*A9*#0"}
con
----------------End of Script----------------

23:39:48 INFO  : Launch script is exported to file 'C:\Users\Chajunwon\FPGA_Ex\Project_0_Watch\Project_0_Watch_vitis\Project_0_Watch_app_system\_ide\scripts\debugger_project_0_watch_app-default.tcl'
23:41:30 INFO  : Disconnected from the channel tcfchan#6.
